mode: set
github.com/julian776/Command-Line-Task-Manager/commands/commands.go:10.38,15.22 2 1
github.com/julian776/Command-Line-Task-Manager/commands/commands.go:15.22,17.3 1 0
github.com/julian776/Command-Line-Task-Manager/commands/commands.go:19.2,26.23 5 1
github.com/julian776/Command-Line-Task-Manager/commands/commands.go:26.23,28.3 1 0
github.com/julian776/Command-Line-Task-Manager/commands/commands.go:30.2,30.12 1 1
github.com/julian776/Command-Line-Task-Manager/commands/commands.go:35.36,39.2 2 1
github.com/julian776/Command-Line-Task-Manager/tasks/models/task.go:16.34,18.22 2 1
github.com/julian776/Command-Line-Task-Manager/tasks/models/task.go:18.22,20.3 1 1
github.com/julian776/Command-Line-Task-Manager/tasks/models/task.go:20.8,22.3 1 1
github.com/julian776/Command-Line-Task-Manager/tasks/models/task.go:23.2,24.19 2 1
github.com/julian776/Command-Line-Task-Manager/tasks/models/task.go:27.33,30.2 2 0
github.com/julian776/Command-Line-Task-Manager/tasks/models/task.go:32.35,34.2 1 0
github.com/julian776/Command-Line-Task-Manager/tasks/models/task.go:36.67,39.2 2 0
github.com/julian776/Command-Line-Task-Manager/tasks/models/task.go:41.57,44.2 2 0
github.com/julian776/Command-Line-Task-Manager/tasks/models/task.go:46.55,49.2 2 0
github.com/julian776/Command-Line-Task-Manager/tasks/repositories/tasks.go:18.74,21.16 2 1
github.com/julian776/Command-Line-Task-Manager/tasks/repositories/tasks.go:21.16,23.3 1 0
github.com/julian776/Command-Line-Task-Manager/tasks/repositories/tasks.go:24.2,24.34 1 1
github.com/julian776/Command-Line-Task-Manager/tasks/repositories/tasks.go:24.34,26.3 1 1
github.com/julian776/Command-Line-Task-Manager/tasks/repositories/tasks.go:28.2,28.55 1 1
github.com/julian776/Command-Line-Task-Manager/tasks/repositories/tasks.go:31.56,33.16 2 1
github.com/julian776/Command-Line-Task-Manager/tasks/repositories/tasks.go:33.16,35.3 1 0
github.com/julian776/Command-Line-Task-Manager/tasks/repositories/tasks.go:36.2,38.16 3 1
github.com/julian776/Command-Line-Task-Manager/tasks/repositories/tasks.go:38.16,40.3 1 0
github.com/julian776/Command-Line-Task-Manager/tasks/repositories/tasks.go:41.2,42.16 2 1
github.com/julian776/Command-Line-Task-Manager/tasks/repositories/tasks.go:42.16,44.3 1 0
github.com/julian776/Command-Line-Task-Manager/tasks/repositories/tasks.go:45.2,45.12 1 1
github.com/julian776/Command-Line-Task-Manager/tasks/repositories/tasks.go:48.69,50.16 2 1
github.com/julian776/Command-Line-Task-Manager/tasks/repositories/tasks.go:50.16,52.3 1 1
github.com/julian776/Command-Line-Task-Manager/tasks/repositories/tasks.go:53.2,53.19 1 1
github.com/julian776/Command-Line-Task-Manager/tasks/repositories/tasks.go:56.82,58.16 2 1
github.com/julian776/Command-Line-Task-Manager/tasks/repositories/tasks.go:58.16,60.3 1 1
github.com/julian776/Command-Line-Task-Manager/tasks/repositories/tasks.go:61.2,62.16 2 1
github.com/julian776/Command-Line-Task-Manager/tasks/repositories/tasks.go:62.16,64.3 1 0
github.com/julian776/Command-Line-Task-Manager/tasks/repositories/tasks.go:65.2,65.19 1 1
github.com/julian776/Command-Line-Task-Manager/tasks/repositories/tasks.go:68.70,72.2 1 1
github.com/julian776/Command-Line-Task-Manager/tasks/services/service.go:22.72,25.17 3 1
github.com/julian776/Command-Line-Task-Manager/tasks/services/service.go:25.17,27.3 1 1
github.com/julian776/Command-Line-Task-Manager/tasks/services/service.go:28.2,28.16 1 1
github.com/julian776/Command-Line-Task-Manager/tasks/services/service.go:28.16,30.3 1 1
github.com/julian776/Command-Line-Task-Manager/tasks/services/service.go:31.2,38.16 3 1
github.com/julian776/Command-Line-Task-Manager/tasks/services/service.go:38.16,40.3 1 0
github.com/julian776/Command-Line-Task-Manager/tasks/services/service.go:41.2,41.32 1 1
github.com/julian776/Command-Line-Task-Manager/tasks/services/service.go:44.82,49.16 4 1
github.com/julian776/Command-Line-Task-Manager/tasks/services/service.go:49.16,51.3 1 0
github.com/julian776/Command-Line-Task-Manager/tasks/services/service.go:52.2,54.27 3 1
github.com/julian776/Command-Line-Task-Manager/tasks/services/service.go:57.73,59.16 2 1
github.com/julian776/Command-Line-Task-Manager/tasks/services/service.go:59.16,61.3 1 1
github.com/julian776/Command-Line-Task-Manager/tasks/services/service.go:63.2,63.27 1 1
github.com/julian776/Command-Line-Task-Manager/tasks/services/service.go:66.76,68.16 2 1
github.com/julian776/Command-Line-Task-Manager/tasks/services/service.go:68.16,71.3 2 0
github.com/julian776/Command-Line-Task-Manager/tasks/services/service.go:72.2,72.29 1 1
github.com/julian776/Command-Line-Task-Manager/tasks/services/service.go:72.29,74.3 1 0
github.com/julian776/Command-Line-Task-Manager/tasks/services/service.go:75.2,75.16 1 1
github.com/julian776/Command-Line-Task-Manager/tasks/services/service.go:78.77,81.16 3 1
github.com/julian776/Command-Line-Task-Manager/tasks/services/service.go:81.16,83.3 1 0
github.com/julian776/Command-Line-Task-Manager/tasks/services/service.go:84.2,86.27 3 1
github.com/julian776/Command-Line-Task-Manager/tasks/services/service.go:89.76,133.2 2 1
github.com/julian776/Command-Line-Task-Manager/tasks/services/service.go:135.72,139.2 1 1
